TN:
SF:C:\Users\Temic\source\repos\OmSTU-AMCS-SummerPractice2023\SquareEquationLib\SquareEquation.cs
FN:6,Solve(...)
FNDA:14,Solve(...)
FNF:1
FNH:1
BRDA:9,9,0,2
BRDA:9,9,1,2
BRDA:9,9,2,2
BRDA:9,9,3,2
BRDA:9,9,4,2
BRDA:9,9,5,2
BRDA:9,9,6,2
BRDA:9,9,7,2
BRDA:9,9,8,2
BRDA:9,9,9,2
BRDA:9,9,10,2
BRDA:9,9,11,2
BRDA:9,9,12,2
BRDA:9,9,13,2
BRDA:9,9,14,2
BRDA:9,9,15,2
BRDA:21,21,16,2
BRDA:21,21,17,2
BRDA:25,25,18,2
BRDA:25,25,19,2
BRF:20
BRH:20
DA:6,14
DA:7,14
DA:9,14
DA:10,8
DA:11,8
DA:13,6
DA:14,6
DA:16,6
DA:17,6
DA:18,6
DA:19,6
DA:21,6
DA:22,2
DA:23,2
DA:25,4
DA:26,2
DA:27,2
DA:28,2
DA:29,2
DA:32,2
DA:33,2
DA:34,2
DA:35,2
DA:36,2
DA:37,2
DA:40,6
LH:26
LF:26
end_of_record
